{"uid":"f4f638bc86d30f85","name":"test_four","fullName":"tests.test_first#test_four","historyId":"960aa59b5770de1fcc8488f9b6881149","time":{"start":1712824887723,"stop":1712824887723,"duration":0},"status":"failed","statusMessage":"AssertionError: assert 4 == 1","statusTrace":"def test_four():\n        logger.info(f\"\\Test 4...\")\n>       assert 4 == 1\nE       assert 4 == 1\n\ntests/test_first.py:29: AssertionError","flaky":false,"newFailed":false,"newBroken":false,"newPassed":false,"retriesCount":0,"retriesStatusChange":false,"beforeStages":[],"testStage":{"status":"failed","statusMessage":"AssertionError: assert 4 == 1","statusTrace":"def test_four():\n        logger.info(f\"\\Test 4...\")\n>       assert 4 == 1\nE       assert 4 == 1\n\ntests/test_first.py:29: AssertionError","steps":[],"attachments":[{"uid":"6717a1e2f1d51db9","name":"log","source":"6717a1e2f1d51db9.txt","type":"text/plain","size":41}],"parameters":[],"shouldDisplayMessage":true,"stepsCount":0,"attachmentsCount":1,"hasContent":true,"attachmentStep":false},"afterStages":[],"labels":[{"name":"parentSuite","value":"tests"},{"name":"suite","value":"test_first"},{"name":"host","value":"fv-az575-932"},{"name":"thread","value":"2248-MainThread"},{"name":"framework","value":"pytest"},{"name":"language","value":"cpython3"},{"name":"package","value":"tests.test_first"},{"name":"resultFormat","value":"allure2"}],"parameters":[],"links":[],"hidden":false,"retry":false,"extra":{"severity":"normal","retries":[],"categories":[{"name":"Product defects","matchedStatuses":[],"flaky":false}],"history":{"statistic":{"failed":3,"broken":0,"skipped":0,"passed":0,"unknown":0,"total":3},"items":[{"uid":"9d84997359b094c","reportUrl":"https://poojaqa-123.github.io/poetryproject2/29//#testresult/9d84997359b094c","status":"failed","statusDetails":"AssertionError: assert 4 == 1","time":{"start":1712823639985,"stop":1712823639986,"duration":1}},{"uid":"7d655e579507553d","reportUrl":"https://poojaqa-123.github.io/poetryproject2/28//#testresult/7d655e579507553d","status":"failed","statusDetails":"AssertionError: assert 4 == 1","time":{"start":1712823108374,"stop":1712823108374,"duration":0}}]},"tags":[]},"source":"f4f638bc86d30f85.json","parameterValues":[]}